[0904/160008.785:ERROR:directory_reader_win.cc(43)] FindFirstFile: The system cannot find the path specified. (0x3)
[0904/160008.933:ERROR:filesystem_win.cc(129)] GetFileAttributes C:\Users\Emmanuella\AppData\Local\CryptoTab Browser\User Data\Crashpad\attachments\c8e18391-efee-4886-8978-c281e26dc121: The system cannot find the path specified. (0x3)
[0904/160009.003:ERROR:filesystem_win.cc(129)] GetFileAttributes C:\Users\Emmanuella\AppData\Local\CryptoTab Browser\User Data\Crashpad\attachments\77361d59-f69c-430d-8eae-57ca69de6c71: The system cannot find the path specified. (0x3)
[0904/160009.058:ERROR:filesystem_win.cc(129)] GetFileAttributes C:\Users\Emmanuella\AppData\Local\CryptoTab Browser\User Data\Crashpad\attachments\7e01fc10-9570-456d-9486-5373a7380424: The system cannot find the path specified. (0x3)
[0904/160009.146:ERROR:filesystem_win.cc(129)] GetFileAttributes C:\Users\Emmanuella\AppData\Local\CryptoTab Browser\User Data\Crashpad\attachments\d9b110bd-c2e5-476b-8317-78a5472f64a4: The system cannot find the path specified. (0x3)
[0904/160009.188:ERROR:filesystem_win.cc(129)] GetFileAttributes C:\Users\Emmanuella\AppData\Local\CryptoTab Browser\User Data\Crashpad\attachments\897ba151-4ac7-4f38-8d4e-5d0c9a3a5c63: The system cannot find the path specified. (0x3)
[0904/160009.208:ERROR:filesystem_win.cc(129)] GetFileAttributes C:\Users\Emmanuella\AppData\Local\CryptoTab Browser\User Data\Crashpad\attachments\e2893fc3-ca84-4778-9a45-b38aef9615dc: The system cannot find the path specified. (0x3)
[0904/160009.271:ERROR:filesystem_win.cc(129)] GetFileAttributes C:\Users\Emmanuella\AppData\Local\CryptoTab Browser\User Data\Crashpad\attachments\fd9feabe-0533-4cbb-8965-86f18b6bdd2f: The system cannot find the path specified. (0x3)
[0904/160009.302:ERROR:filesystem_win.cc(129)] GetFileAttributes C:\Users\Emmanuella\AppData\Local\CryptoTab Browser\User Data\Crashpad\attachments\5deec428-c663-4344-ba06-70180b70a521: The system cannot find the path specified. (0x3)
[0904/160009.349:ERROR:filesystem_win.cc(129)] GetFileAttributes C:\Users\Emmanuella\AppData\Local\CryptoTab Browser\User Data\Crashpad\attachments\ff61a641-64cb-4609-ad8e-79fe10844037: The system cannot find the path specified. (0x3)
[0904/160009.380:ERROR:filesystem_win.cc(129)] GetFileAttributes C:\Users\Emmanuella\AppData\Local\CryptoTab Browser\User Data\Crashpad\attachments\136bf288-d39d-4ba0-aea5-82a530045102: The system cannot find the path specified. (0x3)
[0904/204405.549:ERROR:directory_reader_win.cc(43)] FindFirstFile: The system cannot find the path specified. (0x3)
[0904/204405.886:ERROR:filesystem_win.cc(129)] GetFileAttributes C:\Users\Emmanuella\AppData\Local\CryptoTab Browser\User Data\Crashpad\attachments\e08d0615-375d-4a11-acd1-9042bfb54695: The system cannot find the path specified. (0x3)
[0904/204405.980:ERROR:filesystem_win.cc(129)] GetFileAttributes C:\Users\Emmanuella\AppData\Local\CryptoTab Browser\User Data\Crashpad\attachments\32fec954-c782-4fc6-ba55-160a45b5e589: The system cannot find the path specified. (0x3)
[0904/204406.042:ERROR:filesystem_win.cc(129)] GetFileAttributes C:\Users\Emmanuella\AppData\Local\CryptoTab Browser\User Data\Crashpad\attachments\5004f9a1-0aa2-479a-a7da-bf33ca592c06: The system cannot find the path specified. (0x3)
[0904/204406.151:ERROR:filesystem_win.cc(129)] GetFileAttributes C:\Users\Emmanuella\AppData\Local\CryptoTab Browser\User Data\Crashpad\attachments\4acd914d-b683-42bb-a4b3-44693085dac4: The system cannot find the path specified. (0x3)
[0904/204406.230:ERROR:filesystem_win.cc(129)] GetFileAttributes C:\Users\Emmanuella\AppData\Local\CryptoTab Browser\User Data\Crashpad\attachments\6540e929-fd99-46f8-bc5a-c8b2c1cb2b9f: The system cannot find the path specified. (0x3)
[0904/204406.292:ERROR:filesystem_win.cc(129)] GetFileAttributes C:\Users\Emmanuella\AppData\Local\CryptoTab Browser\User Data\Crashpad\attachments\ab14fadb-6507-402b-9f71-1ff7881641bf: The system cannot find the path specified. (0x3)
[0904/204406.323:ERROR:filesystem_win.cc(129)] GetFileAttributes C:\Users\Emmanuella\AppData\Local\CryptoTab Browser\User Data\Crashpad\attachments\17a8970d-33f8-4ca9-b03a-2426057136e9: The system cannot find the path specified. (0x3)
[0904/204406.386:ERROR:filesystem_win.cc(129)] GetFileAttributes C:\Users\Emmanuella\AppData\Local\CryptoTab Browser\User Data\Crashpad\attachments\03290083-89ce-411d-8c13-93b9a3ac3a5f: The system cannot find the path specified. (0x3)
[0904/204406.464:ERROR:filesystem_win.cc(129)] GetFileAttributes C:\Users\Emmanuella\AppData\Local\CryptoTab Browser\User Data\Crashpad\attachments\3f339613-ed5e-42d1-a733-3671d1b16ad0: The system cannot find the path specified. (0x3)
[0904/204407.245:ERROR:filesystem_win.cc(129)] GetFileAttributes C:\Users\Emmanuella\AppData\Local\CryptoTab Browser\User Data\Crashpad\attachments\a9fecbc6-dbec-4be2-b0cd-282aa24e1983: The system cannot find the path specified. (0x3)
[0904/204407.401:ERROR:filesystem_win.cc(129)] GetFileAttributes C:\Users\Emmanuella\AppData\Local\CryptoTab Browser\User Data\Crashpad\attachments\9395fe10-f2d3-49b3-af7b-a4d81c151291: The system cannot find the path specified. (0x3)
[0905/134822.986:ERROR:directory_reader_win.cc(43)] FindFirstFile: The system cannot find the path specified. (0x3)
[0906/071240.188:ERROR:process_reader_win.cc(123)] NtOpenThread: {Access Denied} A process has requested access to an object, but has not been granted those access rights. (0xc0000022)
[0906/071240.304:ERROR:process_reader_win.cc(123)] NtOpenThread: {Access Denied} A process has requested access to an object, but has not been granted those access rights. (0xc0000022)
[0906/071240.066:ERROR:process_reader_win.cc(123)] NtOpenThread: {Access Denied} A process has requested access to an object, but has not been granted those access rights. (0xc0000022)
[0906/071240.350:ERROR:process_reader_win.cc(123)] NtOpenThread: {Access Denied} A process has requested access to an object, but has not been granted those access rights. (0xc0000022)
[0906/071240.504:ERROR:exception_snapshot_win.cc(99)] thread ID 17932 not found in process
[0906/071240.504:ERROR:exception_snapshot_win.cc(99)] thread ID 12700 not found in process
[0906/071240.504:ERROR:exception_snapshot_win.cc(99)] thread ID 9108 not found in process
[0906/071240.504:ERROR:exception_snapshot_win.cc(99)] thread ID 8328 not found in process
[0906/233134.177:ERROR:directory_reader_win.cc(43)] FindFirstFile: The system cannot find the path specified. (0x3)
[0906/233136.029:ERROR:filesystem_win.cc(129)] GetFileAttributes C:\Users\Emmanuella\AppData\Local\CryptoTab Browser\User Data\Crashpad\attachments\3952ef35-e4b5-4a10-9663-fded6825e3df: The system cannot find the path specified. (0x3)
[0906/233136.098:ERROR:filesystem_win.cc(129)] GetFileAttributes C:\Users\Emmanuella\AppData\Local\CryptoTab Browser\User Data\Crashpad\attachments\33982d2c-9bd2-4dd3-832a-6da5903cb29d: The system cannot find the path specified. (0x3)
[0906/233136.130:ERROR:filesystem_win.cc(129)] GetFileAttributes C:\Users\Emmanuella\AppData\Local\CryptoTab Browser\User Data\Crashpad\attachments\ccbb2f90-a5f9-4288-a7d5-1a0afd0bdd52: The system cannot find the path specified. (0x3)
[0906/233136.272:ERROR:filesystem_win.cc(129)] GetFileAttributes C:\Users\Emmanuella\AppData\Local\CryptoTab Browser\User Data\Crashpad\attachments\855d7df2-5ca3-4d3d-b8ef-8ee6cb2d48cf: The system cannot find the path specified. (0x3)
[0906/233136.333:ERROR:filesystem_win.cc(129)] GetFileAttributes C:\Users\Emmanuella\AppData\Local\CryptoTab Browser\User Data\Crashpad\attachments\b37c976c-79b1-4453-be73-dfd734c39af2: The system cannot find the path specified. (0x3)
[0906/233136.708:ERROR:filesystem_win.cc(129)] GetFileAttributes C:\Users\Emmanuella\AppData\Local\CryptoTab Browser\User Data\Crashpad\attachments\2e95e797-536b-4b34-acfd-9081f729c017: The system cannot find the path specified. (0x3)
[0906/233136.786:ERROR:filesystem_win.cc(129)] GetFileAttributes C:\Users\Emmanuella\AppData\Local\CryptoTab Browser\User Data\Crashpad\attachments\ebef2568-a004-429b-9a8e-efbc006b9dbc: The system cannot find the path specified. (0x3)
[0906/233136.857:ERROR:filesystem_win.cc(129)] GetFileAttributes C:\Users\Emmanuella\AppData\Local\CryptoTab Browser\User Data\Crashpad\attachments\19c2af97-3568-4e08-aed3-f3c18c420902: The system cannot find the path specified. (0x3)
[0906/233136.898:ERROR:filesystem_win.cc(129)] GetFileAttributes C:\Users\Emmanuella\AppData\Local\CryptoTab Browser\User Data\Crashpad\attachments\3a207296-13cc-4ced-a539-885a30bc28cf: The system cannot find the path specified. (0x3)
[0906/233136.949:ERROR:filesystem_win.cc(129)] GetFileAttributes C:\Users\Emmanuella\AppData\Local\CryptoTab Browser\User Data\Crashpad\attachments\5b5506e2-f69c-43c6-9cd8-6e37d000bd29: The system cannot find the path specified. (0x3)
[0906/233137.310:ERROR:filesystem_win.cc(129)] GetFileAttributes C:\Users\Emmanuella\AppData\Local\CryptoTab Browser\User Data\Crashpad\attachments\1acaca1d-5ba6-452b-b100-c08a9077fde0: The system cannot find the path specified. (0x3)
